<?xml version="1.0" encoding="UTF-8"?>
<!-- Generated by org.testng.reporters.JUnitReportReporter -->
<testsuite hostname="LAPTOP-KB7KK6RH" failures="0" tests="1" name="com.qkm1.hybrid.iOS" time="13.231" errors="0" timestamp="2022-02-01T10:29:07 IST" skipped="0">
  <testcase classname="com.qkm1.hybrid.iOS" name="test_01" time="13.231"/>
</testsuite> <!-- com.qkm1.hybrid.iOS -->
